<?xml version="1.0" encoding="UTF-8"?>
<!-- Generated by org.testng.reporters.JUnitXMLReporter -->
<testsuite ignored="0" hostname="DESKTOP-45VA84T" failures="1" tests="3" name="Test" time="5.514" errors="0" timestamp="2025-01-09T23:10:09 IST">
  <testcase classname="SDET.Orange_Demo_Listner" name="testLogo" time="1.881"/>
  <testcase classname="SDET.Orange_Demo_Listner" name="testUrl" time="0.225">
    <failure type="java.lang.AssertionError" message="expected [https://opensource-demo.orangehrmlive.com/web/] but found [https://opensource-demo.orangehrmlive.com/web/index.php/auth/login]">
      <![CDATA[java.lang.AssertionError: expected [https://opensource-demo.orangehrmlive.com/web/] but found [https://opensource-demo.orangehrmlive.com/web/index.php/auth/login]
at SDET.Orange_Demo_Listner.testUrl(Orange_Demo_Listner.java:47)
at java.base/java.util.ArrayList.forEach(ArrayList.java:1596)
... Removed 31 stack frames]]>
    </failure>
  </testcase> <!-- testUrl -->
  <testcase classname="SDET.Orange_Demo_Listner" name="testHomePageTitle" time="0.001">
    <skipped/>
  </testcase> <!-- testHomePageTitle -->
</testsuite> <!-- Test -->
